C:\SOCKET\6주-파일전송\FILE_CLIENT\DEBUG\FILE_CLIENT2.EXE
C:\SOCKET\6주-파일전송\FILE_CLIENT\DEBUG\FILE_CLIENT2.ILK
C:\SOCKET\6주-파일전송\FILE_CLIENT\DEBUG\FILE_CLIENT2.PDB
C:\Socket\6주-파일전송\file_client\file_client2\Debug\cl.command.1.tlog
C:\Socket\6주-파일전송\file_client\file_client2\Debug\CL.read.1.tlog
C:\Socket\6주-파일전송\file_client\file_client2\Debug\CL.write.1.tlog
C:\SOCKET\6주-파일전송\FILE_CLIENT\FILE_CLIENT2\DEBUG\FILE_CLIENT2.EXE.EMBED.MANIFEST
C:\SOCKET\6주-파일전송\FILE_CLIENT\FILE_CLIENT2\DEBUG\FILE_CLIENT2.EXE.EMBED.MANIFEST.RES
C:\SOCKET\6주-파일전송\FILE_CLIENT\FILE_CLIENT2\DEBUG\FILE_CLIENT2.EXE.INTERMEDIATE.MANIFEST
C:\SOCKET\6주-파일전송\FILE_CLIENT\FILE_CLIENT2\DEBUG\FILE_CLIENT2.OBJ
C:\Socket\6주-파일전송\file_client\file_client2\Debug\file_client2.vcxprojResolveAssemblyReference.cache
C:\Socket\6주-파일전송\file_client\file_client2\Debug\file_client2.write.1.tlog
C:\Socket\6주-파일전송\file_client\file_client2\Debug\file_client2_manifest.rc
C:\Socket\6주-파일전송\file_client\file_client2\Debug\link.7572.read.1.tlog
C:\Socket\6주-파일전송\file_client\file_client2\Debug\link.7572.write.1.tlog
C:\Socket\6주-파일전송\file_client\file_client2\Debug\link.7572-cvtres.read.1.tlog
C:\Socket\6주-파일전송\file_client\file_client2\Debug\link.7572-cvtres.write.1.tlog
C:\Socket\6주-파일전송\file_client\file_client2\Debug\link.command.1.tlog
C:\Socket\6주-파일전송\file_client\file_client2\Debug\link.read.1.tlog
C:\Socket\6주-파일전송\file_client\file_client2\Debug\link.write.1.tlog
C:\Socket\6주-파일전송\file_client\file_client2\Debug\link-cvtres.read.1.tlog
C:\Socket\6주-파일전송\file_client\file_client2\Debug\link-cvtres.write.1.tlog
C:\Socket\6주-파일전송\file_client\file_client2\Debug\mt.command.1.tlog
C:\Socket\6주-파일전송\file_client\file_client2\Debug\mt.read.1.tlog
C:\Socket\6주-파일전송\file_client\file_client2\Debug\mt.write.1.tlog
C:\Socket\6주-파일전송\file_client\file_client2\Debug\rc.command.1.tlog
C:\Socket\6주-파일전송\file_client\file_client2\Debug\rc.read.1.tlog
C:\Socket\6주-파일전송\file_client\file_client2\Debug\rc.write.1.tlog
C:\Socket\6주-파일전송\file_client\file_client2\Debug\vc100.idb
C:\SOCKET\6주-파일전송\FILE_CLIENT\FILE_CLIENT2\DEBUG\VC100.PDB
