C:\SOCKET\WINDOWS\WECHO_CLIENT\DEBUG\WECHO_CLIENT.EXE
C:\SOCKET\WINDOWS\WECHO_CLIENT\DEBUG\WECHO_CLIENT.ILK
C:\SOCKET\WINDOWS\WECHO_CLIENT\DEBUG\WECHO_CLIENT.PDB
C:\Socket\Windows\wecho_client\wecho_client\Debug\cl.command.1.tlog
C:\Socket\Windows\wecho_client\wecho_client\Debug\CL.read.1.tlog
C:\Socket\Windows\wecho_client\wecho_client\Debug\CL.write.1.tlog
C:\Socket\Windows\wecho_client\wecho_client\Debug\link.6088.read.1.tlog
C:\Socket\Windows\wecho_client\wecho_client\Debug\link.6088.write.1.tlog
C:\Socket\Windows\wecho_client\wecho_client\Debug\link.6088-cvtres.read.1.tlog
C:\Socket\Windows\wecho_client\wecho_client\Debug\link.6088-cvtres.write.1.tlog
C:\Socket\Windows\wecho_client\wecho_client\Debug\link.6376.read.1.tlog
C:\Socket\Windows\wecho_client\wecho_client\Debug\link.6376.write.1.tlog
C:\Socket\Windows\wecho_client\wecho_client\Debug\link.6376-cvtres.read.1.tlog
C:\Socket\Windows\wecho_client\wecho_client\Debug\link.6376-cvtres.write.1.tlog
C:\Socket\Windows\wecho_client\wecho_client\Debug\link.860.read.1.tlog
C:\Socket\Windows\wecho_client\wecho_client\Debug\link.860.write.1.tlog
C:\Socket\Windows\wecho_client\wecho_client\Debug\link.860-cvtres.read.1.tlog
C:\Socket\Windows\wecho_client\wecho_client\Debug\link.860-cvtres.write.1.tlog
C:\Socket\Windows\wecho_client\wecho_client\Debug\link.command.1.tlog
C:\Socket\Windows\wecho_client\wecho_client\Debug\link.read.1.tlog
C:\Socket\Windows\wecho_client\wecho_client\Debug\link.write.1.tlog
C:\Socket\Windows\wecho_client\wecho_client\Debug\link-cvtres.read.1.tlog
C:\Socket\Windows\wecho_client\wecho_client\Debug\link-cvtres.write.1.tlog
C:\SOCKET\WINDOWS\WECHO_CLIENT\WECHO_CLIENT\DEBUG\LOGIN_CLIENT.OBJ
C:\Socket\Windows\wecho_client\wecho_client\Debug\mt.command.1.tlog
C:\Socket\Windows\wecho_client\wecho_client\Debug\mt.read.1.tlog
C:\Socket\Windows\wecho_client\wecho_client\Debug\mt.write.1.tlog
C:\Socket\Windows\wecho_client\wecho_client\Debug\rc.command.1.tlog
C:\Socket\Windows\wecho_client\wecho_client\Debug\rc.read.1.tlog
C:\Socket\Windows\wecho_client\wecho_client\Debug\rc.write.1.tlog
C:\Socket\Windows\wecho_client\wecho_client\Debug\vc100.idb
C:\SOCKET\WINDOWS\WECHO_CLIENT\WECHO_CLIENT\DEBUG\VC100.PDB
C:\SOCKET\WINDOWS\WECHO_CLIENT\WECHO_CLIENT\DEBUG\WECHO_CLIENT.EXE.EMBED.MANIFEST
C:\SOCKET\WINDOWS\WECHO_CLIENT\WECHO_CLIENT\DEBUG\WECHO_CLIENT.EXE.EMBED.MANIFEST.RES
C:\SOCKET\WINDOWS\WECHO_CLIENT\WECHO_CLIENT\DEBUG\WECHO_CLIENT.EXE.INTERMEDIATE.MANIFEST
C:\SOCKET\WINDOWS\WECHO_CLIENT\WECHO_CLIENT\DEBUG\WECHO_CLIENT.OBJ
C:\Socket\Windows\wecho_client\wecho_client\Debug\wecho_client.vcxprojResolveAssemblyReference.cache
C:\Socket\Windows\wecho_client\wecho_client\Debug\wecho_client.write.1.tlog
C:\Socket\Windows\wecho_client\wecho_client\Debug\wecho_client_manifest.rc
C:\SOCKET\WINDOWS\WECHO_CLIENT\WECHO_CLIENT\DEBUG\WINSOCK.OBJ
